<?xml version="1.0" encoding="UTF-8"?>
<testng-results ignored="0" total="2" passed="2" failed="0" skipped="0">
  <reporter-output>
  </reporter-output>
  <suite started-at="2023-02-24T17:13:15 IST" name="All Test Suite" finished-at="2023-02-24T17:15:19 IST" duration-ms="124382">
    <groups>
    </groups>
    <test started-at="2023-02-24T17:13:15 IST" name="C:/Users/dell/IdeaProjects/TestProject" finished-at="2023-02-24T17:15:19 IST" duration-ms="124382">
      <class name="testCases.LawSuitePageTest">
        <test-method is-config="true" signature="openBrowser()[pri:0, instance:testCases.LawSuitePageTest@33990a0c]" started-at="2023-02-24T17:15:10 IST" name="openBrowser" finished-at="2023-02-24T17:15:19 IST" duration-ms="9103" status="PASS">
          <reporter-output>
          </reporter-output>
        </test-method> <!-- openBrowser -->
        <test-method signature="getSizeofTheLink()[pri:0, instance:testCases.LawSuitePageTest@33990a0c]" started-at="2023-02-24T17:15:19 IST" name="getSizeofTheLink" finished-at="2023-02-24T17:15:19 IST" duration-ms="225" status="PASS">
          <reporter-output>
          </reporter-output>
        </test-method> <!-- getSizeofTheLink -->
        <test-method is-config="true" signature="closeBrowser()[pri:0, instance:testCases.LawSuitePageTest@33990a0c]" started-at="2023-02-24T17:15:19 IST" name="closeBrowser" finished-at="2023-02-24T17:15:19 IST" duration-ms="194" status="PASS">
          <reporter-output>
          </reporter-output>
        </test-method> <!-- closeBrowser -->
      </class> <!-- testCases.LawSuitePageTest -->
      <class name="testCases.DetailsPageTest">
        <test-method is-config="true" signature="openBrowser()[pri:0, instance:testCases.DetailsPageTest@29d89d5d]" started-at="2023-02-24T17:13:15 IST" name="openBrowser" finished-at="2023-02-24T17:13:25 IST" duration-ms="10349" status="PASS">
          <reporter-output>
          </reporter-output>
        </test-method> <!-- openBrowser -->
        <test-method signature="testDetailsOfPlaintiffAndDefendent()[pri:0, instance:testCases.DetailsPageTest@29d89d5d]" started-at="2023-02-24T17:13:25 IST" name="testDetailsOfPlaintiffAndDefendent" finished-at="2023-02-24T17:15:09 IST" duration-ms="104098" status="PASS">
          <reporter-output>
          </reporter-output>
        </test-method> <!-- testDetailsOfPlaintiffAndDefendent -->
        <test-method is-config="true" signature="closeBrowser()[pri:0, instance:testCases.DetailsPageTest@29d89d5d]" started-at="2023-02-24T17:15:09 IST" name="closeBrowser" finished-at="2023-02-24T17:15:10 IST" duration-ms="320" status="PASS">
          <reporter-output>
          </reporter-output>
        </test-method> <!-- closeBrowser -->
      </class> <!-- testCases.DetailsPageTest -->
    </test> <!-- C:/Users/dell/IdeaProjects/TestProject -->
  </suite> <!-- All Test Suite -->
</testng-results>
